#
# There is insufficient memory for the Java Runtime Environment to continue.
# Native memory allocation (malloc) failed to allocate 32744 bytes for Chunk::new
# Possible reasons:
#   The system is out of physical RAM or swap space
#   The process is running with CompressedOops enabled, and the Java Heap may be blocking the growth of the native heap
# Possible solutions:
#   Reduce memory load on the system
#   Increase physical memory or swap space
#   Check if swap backing store is full
#   Decrease Java heap size (-Xmx/-Xms)
#   Decrease number of Java threads
#   Decrease Java thread stack sizes (-Xss)
#   Set larger code cache with -XX:ReservedCodeCacheSize=
#   JVM is running with Zero Based Compressed Oops mode in which the Java heap is
#     placed in the first 32GB address space. The Java Heap base address is the
#     maximum limit for the native heap growth. Please use -XX:HeapBaseMinAddress
#     to set the Java Heap base and to place the Java Heap above 32GB virtual address.
# This output file may be truncated or incomplete.
#
#  Out of Memory Error (arena.cpp:168), pid=15756, tid=13196
#
# JRE version: Java(TM) SE Runtime Environment (21.0.1+12) (build 21.0.1+12-LTS-29)
# Java VM: Java HotSpot(TM) 64-Bit Server VM (21.0.1+12-LTS-29, mixed mode, emulated-client, sharing, tiered, compressed oops, compressed class ptrs, g1 gc, windows-amd64)
# No core dump will be written. Minidumps are not enabled by default on client versions of Windows
#

---------------  S U M M A R Y ------------

Command Line: -XX:TieredStopAtLevel=1 -Dspring.output.ansi.enabled=always -Dcom.sun.management.jmxremote -Dspring.jmx.enabled=true -Dspring.liveBeansView.mbeanDomain -Dspring.application.admin.enabled=true -Dmanagement.endpoints.jmx.exposure.include=* -javaagent:C:\Program Files\JetBrains\IntelliJ IDEA 2023.2.2\lib\idea_rt.jar=64582:C:\Program Files\JetBrains\IntelliJ IDEA 2023.2.2\bin -Dfile.encoding=UTF-8 -Dsun.stdout.encoding=UTF-8 -Dsun.stderr.encoding=UTF-8 ma.enset.eurekadiscovery.EurekaDiscoveryApplication

Host: Intel(R) Core(TM) i5-8350U CPU @ 1.70GHz, 8 cores, 15G,  Windows 10 , 64 bit Build 19041 (10.0.19041.3636)
Time: Sun Dec 17 00:14:39 2023 Maroc (heure d64 bit Build 19041 (10.0.19041.3636) elapsed time: 1.567285 seconds (0d 0h 0m 1s)

---------------  T H R E A D  ---------------

Current thread (0x00000267bc3697b0):  JavaThread "C1 CompilerThread1" daemon [_thread_in_native, id=13196, stack(0x000000b614f00000,0x000000b615000000) (1024K)]


Current CompileTask:
C1:   1567 1418       1       java.net.URLStreamHandler::parseURL (1124 bytes)

Stack: [0x000000b614f00000,0x000000b615000000]
Native frames: (J=compiled Java code, j=interpreted, Vv=VM code, C=native code)
V  [jvm.dll+0x6c9029]
V  [jvm.dll+0x854b81]
V  [jvm.dll+0x856e5e]
V  [jvm.dll+0x857543]
V  [jvm.dll+0x280c06]
V  [jvm.dll+0xc3ead]
V  [jvm.dll+0xc43c3]
V  [jvm.dll+0x13ef0e]
V  [jvm.dll+0x13e2a7]
V  [jvm.dll+0x1a0e96]
V  [jvm.dll+0x1adcd6]
V  [jvm.dll+0x153cfd]
V  [jvm.dll+0x153f83]
V  [jvm.dll+0x154244]
V  [jvm.dll+0x153686]
V  [jvm.dll+0x1553ed]
V  [jvm.dll+0x2586b9]
V  [jvm.dll+0x256c9a]
V  [jvm.dll+0x3ef1b6]
V  [jvm.dll+0x7fd728]
V  [jvm.dll+0x6c777d]
C  [ucrtbase.dll+0x21bb2]
C  [KERNEL32.DLL+0x17344]
C  [ntdll.dll+0x526b1]


---------------  P R O C E S S  ---------------

Threads class SMR info:
_java_thread_list=0x00000267bcb980f0, length=15, elements={
0x00000267a91bae60, 0x00000267bc155090, 0x00000267bc155fb0, 0x00000267bc158ce0,
0x00000267bc15ab30, 0x00000267bc15d5a0, 0x00000267bc15e000, 0x00000267bc163f70,
0x00000267bc11be40, 0x00000267bc3697b0, 0x00000267bc3b3dd0, 0x00000267bc940370,
0x00000267bc9409e0, 0x00000267bca77ce0, 0x00000267bcba8920
}

Java Threads: ( => current thread )
  0x00000267a91bae60 JavaThread "main"                              [_thread_in_Java, id=10980, stack(0x000000b613f00000,0x000000b614000000) (1024K)]
  0x00000267bc155090 JavaThread "Reference Handler"          daemon [_thread_blocked, id=16064, stack(0x000000b614700000,0x000000b614800000) (1024K)]
  0x00000267bc155fb0 JavaThread "Finalizer"                  daemon [_thread_blocked, id=14480, stack(0x000000b614800000,0x000000b614900000) (1024K)]
  0x00000267bc158ce0 JavaThread "Signal Dispatcher"          daemon [_thread_blocked, id=16208, stack(0x000000b614900000,0x000000b614a00000) (1024K)]
  0x00000267bc15ab30 JavaThread "Attach Listener"            daemon [_thread_blocked, id=15436, stack(0x000000b614a00000,0x000000b614b00000) (1024K)]
  0x00000267bc15d5a0 JavaThread "Service Thread"             daemon [_thread_blocked, id=5216, stack(0x000000b614b00000,0x000000b614c00000) (1024K)]
  0x00000267bc15e000 JavaThread "Monitor Deflation Thread"   daemon [_thread_blocked, id=8676, stack(0x000000b614c00000,0x000000b614d00000) (1024K)]
  0x00000267bc163f70 JavaThread "C1 CompilerThread0"         daemon [_thread_blocked, id=16364, stack(0x000000b614d00000,0x000000b614e00000) (1024K)]
  0x00000267bc11be40 JavaThread "Common-Cleaner"             daemon [_thread_blocked, id=4832, stack(0x000000b614e00000,0x000000b614f00000) (1024K)]
=>0x00000267bc3697b0 JavaThread "C1 CompilerThread1"         daemon [_thread_in_native, id=13196, stack(0x000000b614f00000,0x000000b615000000) (1024K)]
  0x00000267bc3b3dd0 JavaThread "C1 CompilerThread2"         daemon [_thread_blocked, id=4880, stack(0x000000b615000000,0x000000b615100000) (1024K)]
  0x00000267bc940370 JavaThread "Monitor Ctrl-Break"         daemon [_thread_in_native, id=16864, stack(0x000000b615100000,0x000000b615200000) (1024K)]
  0x00000267bc9409e0 JavaThread "Notification Thread"        daemon [_thread_blocked, id=3380, stack(0x000000b615200000,0x000000b615300000) (1024K)]
  0x00000267bca77ce0 JavaThread "C1 CompilerThread3"         daemon [_thread_blocked, id=5000, stack(0x000000b615300000,0x000000b615400000) (1024K)]
  0x00000267bcba8920 JavaThread "RMI TCP Accept-0"           daemon [_thread_in_native, id=16204, stack(0x000000b615400000,0x000000b615500000) (1024K)]
Total: 15

Other Threads:
  0x00000267bc1360b0 VMThread "VM Thread"                           [id=17584, stack(0x000000b614600000,0x000000b614700000) (1024K)]
  0x00000267bc118b30 WatcherThread "VM Periodic Task Thread"        [id=280, stack(0x000000b614500000,0x000000b614600000) (1024K)]
  0x00000267a9222320 WorkerThread "GC Thread#0"                     [id=10396, stack(0x000000b614000000,0x000000b614100000) (1024K)]
  0x00000267bcbd8fb0 WorkerThread "GC Thread#1"                     [id=5144, stack(0x000000b615500000,0x000000b615600000) (1024K)]
  0x00000267bcbd9350 WorkerThread "GC Thread#2"                     [id=16976, stack(0x000000b615600000,0x000000b615700000) (1024K)]
  0x00000267bcc49310 WorkerThread "GC Thread#3"                     [id=3620, stack(0x000000b615700000,0x000000b615800000) (1024K)]
  0x00000267bcc496b0 WorkerThread "GC Thread#4"                     [id=15164, stack(0x000000b615800000,0x000000b615900000) (1024K)]
  0x00000267bcc4bee0 WorkerThread "GC Thread#5"                     [id=5580, stack(0x000000b615900000,0x000000b615a00000) (1024K)]
  0x00000267a9233150 ConcurrentGCThread "G1 Main Marker"            [id=15868, stack(0x000000b614100000,0x000000b614200000) (1024K)]
  0x00000267a9234300 WorkerThread "G1 Conc#0"                       [id=11476, stack(0x000000b614200000,0x000000b614300000) (1024K)]
  0x00000267bbfec9e0 ConcurrentGCThread "G1 Refine#0"               [id=4084, stack(0x000000b614300000,0x000000b614400000) (1024K)]
  0x00000267bbfed460 ConcurrentGCThread "G1 Service"                [id=2472, stack(0x000000b614400000,0x000000b614500000) (1024K)]
Total: 12

Threads with active compile tasks:
C1 CompilerThread1     1633 1418       1       java.net.URLStreamHandler::parseURL (1124 bytes)
Total: 1

VM state: not at safepoint (normal execution)

VM Mutex/Monitor currently owned by a thread: None

Heap address: 0x0000000702600000, size: 4058 MB, Compressed Oops mode: Zero based, Oop shift amount: 3

CDS archive(s) mapped at: [0x00000267bd000000-0x00000267bdc90000-0x00000267bdc90000), size 13172736, SharedBaseAddress: 0x00000267bd000000, ArchiveRelocationMode: 1.
Compressed class space mapped at: 0x00000267be000000-0x00000267fe000000, reserved size: 1073741824
Narrow klass base: 0x00000267bd000000, Narrow klass shift: 0, Narrow klass range: 0x100000000

GC Precious Log:
 CardTable entry size: 512
 Card Set container configuration: InlinePtr #cards 4 size 8 Array Of Cards #cards 16 size 48 Howl #buckets 8 coarsen threshold 3686 Howl Bitmap #cards 512 size 80 coarsen threshold 460 Card regions per heap region 1 cards per card region 4096
 CPUs: 8 total, 8 available
 Memory: 16227M
 Large Page Support: Disabled
 NUMA Support: Disabled
 Compressed Oops: Enabled (Zero based)
 Heap Region Size: 2M
 Heap Min Capacity: 8M
 Heap Initial Capacity: 254M
 Heap Max Capacity: 4058M
 Pre-touch: Disabled
 Parallel Workers: 8
 Concurrent Workers: 2
 Concurrent Refinement Workers: 8
 Periodic GC: Disabled

Heap:
 garbage-first heap   total 260096K, used 13042K [0x0000000702600000, 0x0000000800000000)
  region size 2048K, 6 young (12288K), 2 survivors (4096K)
 Metaspace       used 7019K, committed 7296K, reserved 1114112K
  class space    used 851K, committed 960K, reserved 1048576K

Heap Regions: E=young(eden), S=young(survivor), O=old, HS=humongous(starts), HC=humongous(continues), CS=collection set, F=free, TAMS=top-at-mark-start, PB=parsable bottom
|   0|0x0000000702600000, 0x0000000702800000, 0x0000000702800000|100%| O|  |TAMS 0x0000000702600000| PB 0x0000000702600000| Untracked 
|   1|0x0000000702800000, 0x00000007028bc970, 0x0000000702a00000| 36%| O|  |TAMS 0x0000000702800000| PB 0x0000000702800000| Untracked 
|   2|0x0000000702a00000, 0x0000000702a00000, 0x0000000702c00000|  0%| F|  |TAMS 0x0000000702a00000| PB 0x0000000702a00000| Untracked 
|   3|0x0000000702c00000, 0x0000000702c00000, 0x0000000702e00000|  0%| F|  |TAMS 0x0000000702c00000| PB 0x0000000702c00000| Untracked 
|   4|0x0000000702e00000, 0x0000000702e00000, 0x0000000703000000|  0%| F|  |TAMS 0x0000000702e00000| PB 0x0000000702e00000| Untracked 
|   5|0x0000000703000000, 0x0000000703000000, 0x0000000703200000|  0%| F|  |TAMS 0x0000000703000000| PB 0x0000000703000000| Untracked 
|   6|0x0000000703200000, 0x0000000703200000, 0x0000000703400000|  0%| F|  |TAMS 0x0000000703200000| PB 0x0000000703200000| Untracked 
|   7|0x0000000703400000, 0x0000000703400000, 0x0000000703600000|  0%| F|  |TAMS 0x0000000703400000| PB 0x0000000703400000| Untracked 
|   8|0x0000000703600000, 0x0000000703600000, 0x0000000703800000|  0%| F|  |TAMS 0x0000000703600000| PB 0x0000000703600000| Untracked 
|   9|0x0000000703800000, 0x0000000703800000, 0x0000000703a00000|  0%| F|  |TAMS 0x0000000703800000| PB 0x0000000703800000| Untracked 
|  10|0x0000000703a00000, 0x0000000703a00000, 0x0000000703c00000|  0%| F|  |TAMS 0x0000000703a00000| PB 0x0000000703a00000| Untracked 
|  11|0x0000000703c00000, 0x0000000703c00000, 0x0000000703e00000|  0%| F|  |TAMS 0x0000000703c00000| PB 0x0000000703c00000| Untracked 
|  12|0x0000000703e00000, 0x0000000703e00000, 0x0000000704000000|  0%| F|  |TAMS 0x0000000703e00000| PB 0x0000000703e00000| Untracked 
|  13|0x0000000704000000, 0x0000000704000000, 0x0000000704200000|  0%| F|  |TAMS 0x0000000704000000| PB 0x0000000704000000| Untracked 
|  14|0x0000000704200000, 0x0000000704200000, 0x0000000704400000|  0%| F|  |TAMS 0x0000000704200000| PB 0x0000000704200000| Untracked 
|  15|0x0000000704400000, 0x0000000704400000, 0x0000000704600000|  0%| F|  |TAMS 0x0000000704400000| PB 0x0000000704400000| Untracked 
|  16|0x0000000704600000, 0x0000000704600000, 0x0000000704800000|  0%| F|  |TAMS 0x0000000704600000| PB 0x0000000704600000| Untracked 
|  17|0x0000000704800000, 0x0000000704800000, 0x0000000704a00000|  0%| F|  |TAMS 0x0000000704800000| PB 0x0000000704800000| Untracked 
|  18|0x0000000704a00000, 0x0000000704a00000, 0x0000000704c00000|  0%| F|  |TAMS 0x0000000704a00000| PB 0x0000000704a00000| Untracked 
|  19|0x0000000704c00000, 0x0000000704c00000, 0x0000000704e00000|  0%| F|  |TAMS 0x0000000704c00000| PB 0x0000000704c00000| Untracked 
|  20|0x0000000704e00000, 0x0000000704e00000, 0x0000000705000000|  0%| F|  |TAMS 0x0000000704e00000| PB 0x0000000704e00000| Untracked 
|  21|0x0000000705000000, 0x0000000705000000, 0x0000000705200000|  0%| F|  |TAMS 0x0000000705000000| PB 0x0000000705000000| Untracked 
|  22|0x0000000705200000, 0x0000000705200000, 0x0000000705400000|  0%| F|  |TAMS 0x0000000705200000| PB 0x0000000705200000| Untracked 
|  23|0x0000000705400000, 0x0000000705400000, 0x0000000705600000|  0%| F|  |TAMS 0x0000000705400000| PB 0x0000000705400000| Untracked 
|  24|0x0000000705600000, 0x0000000705600000, 0x0000000705800000|  0%| F|  |TAMS 0x0000000705600000| PB 0x0000000705600000| Untracked 
|  25|0x0000000705800000, 0x0000000705800000, 0x0000000705a00000|  0%| F|  |TAMS 0x0000000705800000| PB 0x0000000705800000| Untracked 
|  26|0x0000000705a00000, 0x0000000705a00000, 0x0000000705c00000|  0%| F|  |TAMS 0x0000000705a00000| PB 0x0000000705a00000| Untracked 
|  27|0x0000000705c00000, 0x0000000705c00000, 0x0000000705e00000|  0%| F|  |TAMS 0x0000000705c00000| PB 0x0000000705c00000| Untracked 
|  28|0x0000000705e00000, 0x0000000705e00000, 0x0000000706000000|  0%| F|  |TAMS 0x0000000705e00000| PB 0x0000000705e00000| Untracked 
|  29|0x0000000706000000, 0x0000000706000000, 0x0000000706200000|  0%| F|  |TAMS 0x0000000706000000| PB 0x0000000706000000| Untracked 
|  30|0x0000000706200000, 0x0000000706200000, 0x0000000706400000|  0%| F|  |TAMS 0x0000000706200000| PB 0x0000000706200000| Untracked 
|  31|0x0000000706400000, 0x0000000706400000, 0x0000000706600000|  0%| F|  |TAMS 0x0000000706400000| PB 0x0000000706400000| Untracked 
|  32|0x0000000706600000, 0x0000000706600000, 0x0000000706800000|  0%| F|  |TAMS 0x0000000706600000| PB 0x0000000706600000| Untracked 
|  33|0x0000000706800000, 0x0000000706800000, 0x0000000706a00000|  0%| F|  |TAMS 0x0000000706800000| PB 0x0000000706800000| Untracked 
|  34|0x0000000706a00000, 0x0000000706a00000, 0x0000000706c00000|  0%| F|  |TAMS 0x0000000706a00000| PB 0x0000000706a00000| Untracked 
|  35|0x0000000706c00000, 0x0000000706c00000, 0x0000000706e00000|  0%| F|  |TAMS 0x0000000706c00000| PB 0x0000000706c00000| Untracked 
|  36|0x0000000706e00000, 0x0000000706e00000, 0x0000000707000000|  0%| F|  |TAMS 0x0000000706e00000| PB 0x0000000706e00000| Untracked 
|  37|0x0000000707000000, 0x0000000707000000, 0x0000000707200000|  0%| F|  |TAMS 0x0000000707000000| PB 0x0000000707000000| Untracked 
|  38|0x0000000707200000, 0x0000000707200000, 0x0000000707400000|  0%| F|  |TAMS 0x0000000707200000| PB 0x0000000707200000| Untracked 
|  39|0x0000000707400000, 0x0000000707400000, 0x0000000707600000|  0%| F|  |TAMS 0x0000000707400000| PB 0x0000000707400000| Untracked 
|  40|0x0000000707600000, 0x0000000707600000, 0x0000000707800000|  0%| F|  |TAMS 0x0000000707600000| PB 0x0000000707600000| Untracked 
|  41|0x0000000707800000, 0x0000000707800000, 0x0000000707a00000|  0%| F|  |TAMS 0x0000000707800000| PB 0x0000000707800000| Untracked 
|  42|0x0000000707a00000, 0x0000000707a00000, 0x0000000707c00000|  0%| F|  |TAMS 0x0000000707a00000| PB 0x0000000707a00000| Untracked 
|  43|0x0000000707c00000, 0x0000000707c00000, 0x0000000707e00000|  0%| F|  |TAMS 0x0000000707c00000| PB 0x0000000707c00000| Untracked 
|  44|0x0000000707e00000, 0x0000000707e00000, 0x0000000708000000|  0%| F|  |TAMS 0x0000000707e00000| PB 0x0000000707e00000| Untracked 
|  45|0x0000000708000000, 0x0000000708000000, 0x0000000708200000|  0%| F|  |TAMS 0x0000000708000000| PB 0x0000000708000000| Untracked 
|  46|0x0000000708200000, 0x0000000708200000, 0x0000000708400000|  0%| F|  |TAMS 0x0000000708200000| PB 0x0000000708200000| Untracked 
|  47|0x0000000708400000, 0x0000000708400000, 0x0000000708600000|  0%| F|  |TAMS 0x0000000708400000| PB 0x0000000708400000| Untracked 
|  48|0x0000000708600000, 0x0000000708600000, 0x0000000708800000|  0%| F|  |TAMS 0x0000000708600000| PB 0x0000000708600000| Untracked 
|  49|0x0000000708800000, 0x0000000708800000, 0x0000000708a00000|  0%| F|  |TAMS 0x0000000708800000| PB 0x0000000708800000| Untracked 
|  50|0x0000000708a00000, 0x0000000708a00000, 0x0000000708c00000|  0%| F|  |TAMS 0x0000000708a00000| PB 0x0000000708a00000| Untracked 
|  51|0x0000000708c00000, 0x0000000708c00000, 0x0000000708e00000|  0%| F|  |TAMS 0x0000000708c00000| PB 0x0000000708c00000| Untracked 
|  52|0x0000000708e00000, 0x0000000708e00000, 0x0000000709000000|  0%| F|  |TAMS 0x0000000708e00000| PB 0x0000000708e00000| Untracked 
|  53|0x0000000709000000, 0x0000000709000000, 0x0000000709200000|  0%| F|  |TAMS 0x0000000709000000| PB 0x0000000709000000| Untracked 
|  54|0x0000000709200000, 0x0000000709200000, 0x0000000709400000|  0%| F|  |TAMS 0x0000000709200000| PB 0x0000000709200000| Untracked 
|  55|0x0000000709400000, 0x0000000709400000, 0x0000000709600000|  0%| F|  |TAMS 0x0000000709400000| PB 0x0000000709400000| Untracked 
|  56|0x0000000709600000, 0x0000000709600000, 0x0000000709800000|  0%| F|  |TAMS 0x0000000709600000| PB 0x0000000709600000| Untracked 
|  57|0x0000000709800000, 0x0000000709800000, 0x0000000709a00000|  0%| F|  |TAMS 0x0000000709800000| PB 0x0000000709800000| Untracked 
|  58|0x0000000709a00000, 0x0000000709a00000, 0x0000000709c00000|  0%| F|  |TAMS 0x0000000709a00000| PB 0x0000000709a00000| Untracked 
|  59|0x0000000709c00000, 0x0000000709c00000, 0x0000000709e00000|  0%| F|  |TAMS 0x0000000709c00000| PB 0x0000000709c00000| Untracked 
|  60|0x0000000709e00000, 0x0000000709e00000, 0x000000070a000000|  0%| F|  |TAMS 0x0000000709e00000| PB 0x0000000709e00000| Untracked 
|  61|0x000000070a000000, 0x000000070a000000, 0x000000070a200000|  0%| F|  |TAMS 0x000000070a000000| PB 0x000000070a000000| Untracked 
|  62|0x000000070a200000, 0x000000070a200000, 0x000000070a400000|  0%| F|  |TAMS 0x000000070a200000| PB 0x000000070a200000| Untracked 
|  63|0x000000070a400000, 0x000000070a400000, 0x000000070a600000|  0%| F|  |TAMS 0x000000070a400000| PB 0x000000070a400000| Untracked 
|  64|0x000000070a600000, 0x000000070a600000, 0x000000070a800000|  0%| F|  |TAMS 0x000000070a600000| PB 0x000000070a600000| Untracked 
|  65|0x000000070a800000, 0x000000070a800000, 0x000000070aa00000|  0%| F|  |TAMS 0x000000070a800000| PB 0x000000070a800000| Untracked 
|  66|0x000000070aa00000, 0x000000070aa00000, 0x000000070ac00000|  0%| F|  |TAMS 0x000000070aa00000| PB 0x000000070aa00000| Untracked 
|  67|0x000000070ac00000, 0x000000070ac00000, 0x000000070ae00000|  0%| F|  |TAMS 0x000000070ac00000| PB 0x000000070ac00000| Untracked 
|  68|0x000000070ae00000, 0x000000070ae00000, 0x000000070b000000|  0%| F|  |TAMS 0x000000070ae00000| PB 0x000000070ae00000| Untracked 
|  69|0x000000070b000000, 0x000000070b000000, 0x000000070b200000|  0%| F|  |TAMS 0x000000070b000000| PB 0x000000070b000000| Untracked 
|  70|0x000000070b200000, 0x000000070b200000, 0x000000070b400000|  0%| F|  |TAMS 0x000000070b200000| PB 0x000000070b200000| Untracked 
|  71|0x000000070b400000, 0x000000070b400000, 0x000000070b600000|  0%| F|  |TAMS 0x000000070b400000| PB 0x000000070b400000| Untracked 
|  72|0x000000070b600000, 0x000000070b600000, 0x000000070b800000|  0%| F|  |TAMS 0x000000070b600000| PB 0x000000070b600000| Untracked 
|  73|0x000000070b800000, 0x000000070b800000, 0x000000070ba00000|  0%| F|  |TAMS 0x000000070b800000| PB 0x000000070b800000| Untracked 
|  74|0x000000070ba00000, 0x000000070ba00000, 0x000000070bc00000|  0%| F|  |TAMS 0x000000070ba00000| PB 0x000000070ba00000| Untracked 
|  75|0x000000070bc00000, 0x000000070bc00000, 0x000000070be00000|  0%| F|  |TAMS 0x000000070bc00000| PB 0x000000070bc00000| Untracked 
|  76|0x000000070be00000, 0x000000070be00000, 0x000000070c000000|  0%| F|  |TAMS 0x000000070be00000| PB 0x000000070be00000| Untracked 
|  77|0x000000070c000000, 0x000000070c000000, 0x000000070c200000|  0%| F|  |TAMS 0x000000070c000000| PB 0x000000070c000000| Untracked 
|  78|0x000000070c200000, 0x000000070c200000, 0x000000070c400000|  0%| F|  |TAMS 0x000000070c200000| PB 0x000000070c200000| Untracked 
|  79|0x000000070c400000, 0x000000070c400000, 0x000000070c600000|  0%| F|  |TAMS 0x000000070c400000| PB 0x000000070c400000| Untracked 
|  80|0x000000070c600000, 0x000000070c600000, 0x000000070c800000|  0%| F|  |TAMS 0x000000070c600000| PB 0x000000070c600000| Untracked 
|  81|0x000000070c800000, 0x000000070c800000, 0x000000070ca00000|  0%| F|  |TAMS 0x000000070c800000| PB 0x000000070c800000| Untracked 
|  82|0x000000070ca00000, 0x000000070ca00000, 0x000000070cc00000|  0%| F|  |TAMS 0x000000070ca00000| PB 0x000000070ca00000| Untracked 
|  83|0x000000070cc00000, 0x000000070cc00000, 0x000000070ce00000|  0%| F|  |TAMS 0x000000070cc00000| PB 0x000000070cc00000| Untracked 
|  84|0x000000070ce00000, 0x000000070ce00000, 0x000000070d000000|  0%| F|  |TAMS 0x000000070ce00000| PB 0x000000070ce00000| Untracked 
|  85|0x000000070d000000, 0x000000070d000000, 0x000000070d200000|  0%| F|  |TAMS 0x000000070d000000| PB 0x000000070d000000| Untracked 
|  86|0x000000070d200000, 0x000000070d200000, 0x000000070d400000|  0%| F|  |TAMS 0x000000070d200000| PB 0x000000070d200000| Untracked 
|  87|0x000000070d400000, 0x000000070d400000, 0x000000070d600000|  0%| F|  |TAMS 0x000000070d400000| PB 0x000000070d400000| Untracked 
|  88|0x000000070d600000, 0x000000070d600000, 0x000000070d800000|  0%| F|  |TAMS 0x000000070d600000| PB 0x000000070d600000| Untracked 
|  89|0x000000070d800000, 0x000000070d800000, 0x000000070da00000|  0%| F|  |TAMS 0x000000070d800000| PB 0x000000070d800000| Untracked 
|  90|0x000000070da00000, 0x000000070da00000, 0x000000070dc00000|  0%| F|  |TAMS 0x000000070da00000| PB 0x000000070da00000| Untracked 
|  91|0x000000070dc00000, 0x000000070dc00000, 0x000000070de00000|  0%| F|  |TAMS 0x000000070dc00000| PB 0x000000070dc00000| Untracked 
|  92|0x000000070de00000, 0x000000070de00000, 0x000000070e000000|  0%| F|  |TAMS 0x000000070de00000| PB 0x000000070de00000| Untracked 
|  93|0x000000070e000000, 0x000000070e000000, 0x000000070e200000|  0%| F|  |TAMS 0x000000070e000000| PB 0x000000070e000000| Untracked 
|  94|0x000000070e200000, 0x000000070e200000, 0x000000070e400000|  0%| F|  |TAMS 0x000000070e200000| PB 0x000000070e200000| Untracked 
|  95|0x000000070e400000, 0x000000070e400000, 0x000000070e600000|  0%| F|  |TAMS 0x000000070e400000| PB 0x000000070e400000| Untracked 
|  96|0x000000070e600000, 0x000000070e600000, 0x000000070e800000|  0%| F|  |TAMS 0x000000070e600000| PB 0x000000070e600000| Untracked 
|  97|0x000000070e800000, 0x000000070e800000, 0x000000070ea00000|  0%| F|  |TAMS 0x000000070e800000| PB 0x000000070e800000| Untracked 
|  98|0x000000070ea00000, 0x000000070ea00000, 0x000000070ec00000|  0%| F|  |TAMS 0x000000070ea00000| PB 0x000000070ea00000| Untracked 
|  99|0x000000070ec00000, 0x000000070ec00000, 0x000000070ee00000|  0%| F|  |TAMS 0x000000070ec00000| PB 0x000000070ec00000| Untracked 
| 100|0x000000070ee00000, 0x000000070ee00000, 0x000000070f000000|  0%| F|  |TAMS 0x000000070ee00000| PB 0x000000070ee00000| Untracked 
| 101|0x000000070f000000, 0x000000070f000000, 0x000000070f200000|  0%| F|  |TAMS 0x000000070f000000| PB 0x000000070f000000| Untracked 
| 102|0x000000070f200000, 0x000000070f200000, 0x000000070f400000|  0%| F|  |TAMS 0x000000070f200000| PB 0x000000070f200000| Untracked 
| 103|0x000000070f400000, 0x000000070f400000, 0x000000070f600000|  0%| F|  |TAMS 0x000000070f400000| PB 0x000000070f400000| Untracked 
| 104|0x000000070f600000, 0x000000070f600000, 0x000000070f800000|  0%| F|  |TAMS 0x000000070f600000| PB 0x000000070f600000| Untracked 
| 105|0x000000070f800000, 0x000000070f800000, 0x000000070fa00000|  0%| F|  |TAMS 0x000000070f800000| PB 0x000000070f800000| Untracked 
| 106|0x000000070fa00000, 0x000000070fa00000, 0x000000070fc00000|  0%| F|  |TAMS 0x000000070fa00000| PB 0x000000070fa00000| Untracked 
| 107|0x000000070fc00000, 0x000000070fc00000, 0x000000070fe00000|  0%| F|  |TAMS 0x000000070fc00000| PB 0x000000070fc00000| Untracked 
| 108|0x000000070fe00000, 0x000000070fe00000, 0x0000000710000000|  0%| F|  |TAMS 0x000000070fe00000| PB 0x000000070fe00000| Untracked 
| 109|0x0000000710000000, 0x0000000710000000, 0x0000000710200000|  0%| F|  |TAMS 0x0000000710000000| PB 0x0000000710000000| Untracked 
| 110|0x0000000710200000, 0x0000000710200000, 0x0000000710400000|  0%| F|  |TAMS 0x0000000710200000| PB 0x0000000710200000| Untracked 
| 111|0x0000000710400000, 0x0000000710400000, 0x0000000710600000|  0%| F|  |TAMS 0x0000000710400000| PB 0x0000000710400000| Untracked 
| 112|0x0000000710600000, 0x0000000710600000, 0x0000000710800000|  0%| F|  |TAMS 0x0000000710600000| PB 0x0000000710600000| Untracked 
| 113|0x0000000710800000, 0x0000000710800000, 0x0000000710a00000|  0%| F|  |TAMS 0x0000000710800000| PB 0x0000000710800000| Untracked 
| 114|0x0000000710a00000, 0x0000000710c00000, 0x0000000710c00000|100%| S|CS|TAMS 0x0000000710a00000| PB 0x0000000710a00000| Complete 
| 115|0x0000000710c00000, 0x0000000710e00000, 0x0000000710e00000|100%| S|CS|TAMS 0x0000000710c00000| PB 0x0000000710c00000| Complete 
| 116|0x0000000710e00000, 0x0000000710e00000, 0x0000000711000000|  0%| F|  |TAMS 0x0000000710e00000| PB 0x0000000710e00000| Untracked 
| 117|0x0000000711000000, 0x0000000711000000, 0x0000000711200000|  0%| F|  |TAMS 0x0000000711000000| PB 0x0000000711000000| Untracked 
| 118|0x0000000711200000, 0x0000000711200000, 0x0000000711400000|  0%| F|  |TAMS 0x0000000711200000| PB 0x0000000711200000| Untracked 
| 119|0x0000000711400000, 0x0000000711400000, 0x0000000711600000|  0%| F|  |TAMS 0x0000000711400000| PB 0x0000000711400000| Untracked 
| 120|0x0000000711600000, 0x0000000711600000, 0x0000000711800000|  0%| F|  |TAMS 0x0000000711600000| PB 0x0000000711600000| Untracked 
| 121|0x0000000711800000, 0x0000000711800000, 0x0000000711a00000|  0%| F|  |TAMS 0x0000000711800000| PB 0x0000000711800000| Untracked 
| 122|0x0000000711a00000, 0x0000000711a00000, 0x0000000711c00000|  0%| F|  |TAMS 0x0000000711a00000| PB 0x0000000711a00000| Untracked 
| 123|0x0000000711c00000, 0x0000000711c562f0, 0x0000000711e00000| 16%| E|  |TAMS 0x0000000711c00000| PB 0x0000000711c00000| Complete 
| 124|0x0000000711e00000, 0x0000000712000000, 0x0000000712000000|100%| E|CS|TAMS 0x0000000711e00000| PB 0x0000000711e00000| Complete 
| 125|0x0000000712000000, 0x0000000712200000, 0x0000000712200000|100%| E|CS|TAMS 0x0000000712000000| PB 0x0000000712000000| Complete 
| 126|0x0000000712200000, 0x0000000712400000, 0x0000000712400000|100%| E|CS|TAMS 0x0000000712200000| PB 0x0000000712200000| Complete 

Card table byte_map: [0x00000267b4f10000,0x00000267b5700000] _byte_map_base: 0x00000267b16fd000

Marking Bits: (CMBitMap*) 0x00000267a9222930
 Bits: [0x00000267b5700000, 0x00000267b9668000)

Polling page: 0x00000267a7090000

Metaspace:

Usage:
  Non-class:      6.08 MB used.
      Class:    858.16 KB used.
       Both:      6.92 MB used.

Virtual space:
  Non-class space:       64.00 MB reserved,       6.19 MB ( 10%) committed,  1 nodes.
      Class space:        1.00 GB reserved,     960.00 KB ( <1%) committed,  1 nodes.
             Both:        1.06 GB reserved,       7.12 MB ( <1%) committed. 

Chunk freelists:
   Non-Class:  9.42 MB
       Class:  15.01 MB
        Both:  24.44 MB

MaxMetaspaceSize: unlimited
CompressedClassSpaceSize: 1.00 GB
Initial GC threshold: 21.00 MB
Current GC threshold: 21.00 MB
CDS: on
 - commit_granule_bytes: 65536.
 - commit_granule_words: 8192.
 - virtual_space_node_default_size: 8388608.
 - enlarge_chunks_in_place: 1.
 - use_allocation_guard: 0.


Internal statistics:

num_allocs_failed_limit: 0.
num_arena_births: 180.
num_arena_deaths: 0.
num_vsnodes_births: 2.
num_vsnodes_deaths: 0.
num_space_committed: 115.
num_space_uncommitted: 0.
num_chunks_returned_to_freelist: 0.
num_chunks_taken_from_freelist: 278.
num_chunk_merges: 0.
num_chunk_splits: 186.
num_chunks_enlarged: 120.
num_inconsistent_stats: 0.

CodeCache: size=49152Kb used=5092Kb max_used=5092Kb free=44059Kb
 bounds [0x00000267b1610000, 0x00000267b1b10000, 0x00000267b4610000]
 total_blobs=1951 nmethods=1470 adapters=403
 compilation: enabled
              stopped_count=0, restarted_count=0
 full_count=0

Compilation events (20 events):
Event: 1.540 Thread 0x00000267bc3697b0 nmethod 1405 0x00000267b1aeca90 code [0x00000267b1aeccc0, 0x00000267b1aed4d8]
Event: 1.540 Thread 0x00000267bc3b3dd0 1410       1       sun.nio.fs.WindowsFileAttributes::lastModifiedTime (8 bytes)
Event: 1.540 Thread 0x00000267bc163f70 1412       1       java.lang.Math::multiplyExact (74 bytes)
Event: 1.540 Thread 0x00000267bca77ce0 1411   !   1       sun.nio.fs.WindowsFileAttributes::toFileTime (47 bytes)
Event: 1.540 Thread 0x00000267bc3b3dd0 nmethod 1410 0x00000267b1aedc10 code [0x00000267b1aeddc0, 0x00000267b1aedea8]
Event: 1.541 Thread 0x00000267bc163f70 nmethod 1412 0x00000267b1aedf10 code [0x00000267b1aee0c0, 0x00000267b1aee350]
Event: 1.541 Thread 0x00000267bca77ce0 nmethod 1411 0x00000267b1aee410 code [0x00000267b1aee600, 0x00000267b1aeeaf8]
Event: 1.543 Thread 0x00000267bc163f70 1413       1       java.util.stream.StreamOpFlag::combineOpFlags (9 bytes)
Event: 1.543 Thread 0x00000267bc3697b0 1414       1       java.util.stream.StreamOpFlag::getMask (30 bytes)
Event: 1.543 Thread 0x00000267bc3697b0 nmethod 1414 0x00000267b1aeed10 code [0x00000267b1aeeea0, 0x00000267b1aeef98]
Event: 1.543 Thread 0x00000267bc163f70 nmethod 1413 0x00000267b1aef010 code [0x00000267b1aef1a0, 0x00000267b1aef278]
Event: 1.551 Thread 0x00000267bc3697b0 1415       1       java.lang.invoke.DirectMethodHandle::isCrackable (5 bytes)
Event: 1.551 Thread 0x00000267bca77ce0 1416       1       jdk.internal.misc.CDS::isDumpingArchive (4 bytes)
Event: 1.551 Thread 0x00000267bc3697b0 nmethod 1415 0x00000267b1aef310 code [0x00000267b1aef4a0, 0x00000267b1aef570]
Event: 1.551 Thread 0x00000267bca77ce0 nmethod 1416 0x00000267b1aef610 code [0x00000267b1aef7a0, 0x00000267b1aef848]
Event: 1.551 Thread 0x00000267bca77ce0 1417       1       java.lang.invoke.MethodHandle::keepsAlive (20 bytes)
Event: 1.552 Thread 0x00000267bca77ce0 nmethod 1417 0x00000267b1aef910 code [0x00000267b1aefac0, 0x00000267b1aefd08]
Event: 1.554 Thread 0x00000267bc3697b0 1418       1       java.net.URLStreamHandler::parseURL (1124 bytes)
Event: 1.561 Thread 0x00000267bc163f70 1419       1       java.lang.reflect.Constructor::getModifiers (5 bytes)
Event: 1.561 Thread 0x00000267bc163f70 nmethod 1419 0x00000267b1aefe10 code [0x00000267b1aeffa0, 0x00000267b1af0068]

GC Heap History (2 events):
Event: 1.397 GC heap before
{Heap before GC invocations=0 (full 0):
 garbage-first heap   total 260096K, used 20480K [0x0000000702600000, 0x0000000800000000)
  region size 2048K, 11 young (22528K), 0 survivors (0K)
 Metaspace       used 5905K, committed 6144K, reserved 1114112K
  class space    used 684K, committed 768K, reserved 1048576K
}
Event: 1.406 GC heap after
{Heap after GC invocations=1 (full 0):
 garbage-first heap   total 260096K, used 6898K [0x0000000702600000, 0x0000000800000000)
  region size 2048K, 2 young (4096K), 2 survivors (4096K)
 Metaspace       used 5905K, committed 6144K, reserved 1114112K
  class space    used 684K, committed 768K, reserved 1048576K
}

Dll operation events (11 events):
Event: 0.018 Loaded shared library C:\Program Files\Java\jdk-21\bin\java.dll
Event: 0.337 Loaded shared library C:\Program Files\Java\jdk-21\bin\zip.dll
Event: 0.343 Loaded shared library C:\Program Files\Java\jdk-21\bin\instrument.dll
Event: 0.352 Loaded shared library C:\Program Files\Java\jdk-21\bin\net.dll
Event: 0.355 Loaded shared library C:\Program Files\Java\jdk-21\bin\nio.dll
Event: 0.360 Loaded shared library C:\Program Files\Java\jdk-21\bin\zip.dll
Event: 0.631 Loaded shared library C:\Program Files\JetBrains\IntelliJ IDEA 2023.2.2\bin\breakgen64.dll
Event: 0.643 Loaded shared library C:\Program Files\Java\jdk-21\bin\jimage.dll
Event: 0.651 Loaded shared library C:\Program Files\Java\jdk-21\bin\extnet.dll
Event: 0.683 Loaded shared library C:\Program Files\Java\jdk-21\bin\management.dll
Event: 0.701 Loaded shared library C:\Program Files\Java\jdk-21\bin\management_ext.dll

Deoptimization events (4 events):
Event: 0.959 Thread 0x00000267a91bae60 DEOPT PACKING pc=0x00000267b196ecdd sp=0x000000b613ffd2c0
Event: 0.959 Thread 0x00000267a91bae60 DEOPT UNPACKING pc=0x00000267b1664e42 sp=0x000000b613ffc770 mode 3
Event: 0.983 Thread 0x00000267a91bae60 DEOPT PACKING pc=0x00000267b1a166e0 sp=0x000000b613ffd1c0
Event: 0.983 Thread 0x00000267a91bae60 DEOPT UNPACKING pc=0x00000267b1664e42 sp=0x000000b613ffc678 mode 3

Classes loaded (20 events):
Event: 1.527 Loading class java/nio/file/NoSuchFileException
Event: 1.527 Loading class java/nio/file/FileSystemException
Event: 1.527 Loading class java/nio/file/FileSystemException done
Event: 1.527 Loading class java/nio/file/NoSuchFileException done
Event: 1.527 Loading class java/io/UncheckedIOException
Event: 1.527 Loading class java/io/UncheckedIOException done
Event: 1.530 Loading class java/net/HttpURLConnection
Event: 1.530 Loading class java/net/HttpURLConnection done
Event: 1.533 Loading class java/net/URLDecoder
Event: 1.533 Loading class java/net/URLDecoder done
Event: 1.542 Loading class java/util/stream/DistinctOps
Event: 1.542 Loading class java/util/stream/DistinctOps done
Event: 1.542 Loading class java/util/stream/DistinctOps$1
Event: 1.542 Loading class java/util/stream/ReferencePipeline$StatefulOp
Event: 1.542 Loading class java/util/stream/ReferencePipeline$StatefulOp done
Event: 1.542 Loading class java/util/stream/DistinctOps$1 done
Event: 1.542 Loading class java/util/stream/DistinctOps$1$2
Event: 1.543 Loading class java/util/stream/DistinctOps$1$2 done
Event: 1.557 Loading class java/lang/reflect/UndeclaredThrowableException
Event: 1.557 Loading class java/lang/reflect/UndeclaredThrowableException done

Classes unloaded (0 events):
No events

Classes redefined (0 events):
No events

Internal exceptions (20 events):
Event: 0.613 Thread 0x00000267a91bae60 Exception <a 'java/lang/NoSuchMethodError'{0x00000007119169f8}: 'void java.lang.invoke.DirectMethodHandle$Holder.invokeStatic(java.lang.Object, java.lang.Object, java.lang.Object)'> (0x00000007119169f8) 
thrown [s\open\src\hotspot\share\interpreter\linkResolver.cpp, line 773]
Event: 0.623 Thread 0x00000267a91bae60 Exception <a 'java/lang/NoSuchMethodError'{0x000000071192df28}: 'java.lang.Object java.lang.invoke.Invokers$Holder.invokeExact_MT(java.lang.Object, java.lang.Object, java.lang.Object, java.lang.Object, java.lang.Object)'> (0x000000071192df28) 
thrown [s\open\src\hotspot\share\interpreter\linkResolver.cpp, line 773]
Event: 0.653 Thread 0x00000267bc940370 Exception <a 'java/lang/NoSuchMethodError'{0x000000071199bb90}: 'void java.lang.invoke.DirectMethodHandle$Holder.invokeStatic(java.lang.Object, java.lang.Object)'> (0x000000071199bb90) 
thrown [s\open\src\hotspot\share\interpreter\linkResolver.cpp, line 773]
Event: 0.709 Thread 0x00000267a91bae60 Exception <a 'java/lang/NoSuchMethodError'{0x0000000711971c20}: 'int java.lang.invoke.DirectMethodHandle$Holder.invokeInterface(java.lang.Object, java.lang.Object)'> (0x0000000711971c20) 
thrown [s\open\src\hotspot\share\interpreter\linkResolver.cpp, line 773]
Event: 0.710 Thread 0x00000267a91bae60 Exception <a 'java/lang/IncompatibleClassChangeError'{0x0000000711974f38}: Found class java.lang.Object, but interface was expected> (0x0000000711974f38) 
thrown [s\open\src\hotspot\share\interpreter\linkResolver.cpp, line 840]
Event: 0.825 Thread 0x00000267a91bae60 Exception <a 'java/lang/NoSuchMethodError'{0x00000007116a86b0}: 'int java.lang.invoke.DirectMethodHandle$Holder.invokeSpecial(java.lang.Object, java.lang.Object, java.lang.Object)'> (0x00000007116a86b0) 
thrown [s\open\src\hotspot\share\interpreter\linkResolver.cpp, line 773]
Event: 0.912 Thread 0x00000267a91bae60 Exception <a 'java/lang/NoSuchMethodError'{0x00000007117ee230}: 'java.lang.Object java.lang.invoke.DirectMethodHandle$Holder.invokeStaticInit(java.lang.Object, java.lang.Object, java.lang.Object)'> (0x00000007117ee230) 
thrown [s\open\src\hotspot\share\interpreter\linkResolver.cpp, line 773]
Event: 1.033 Thread 0x00000267a91bae60 Exception <a 'java/lang/NoSuchMethodError'{0x0000000711358ac0}: 'int java.lang.invoke.DirectMethodHandle$Holder.invokeSpecialIFC(java.lang.Object, java.lang.Object, java.lang.Object)'> (0x0000000711358ac0) 
thrown [s\open\src\hotspot\share\interpreter\linkResolver.cpp, line 773]
Event: 1.116 Thread 0x00000267a91bae60 Exception <a 'java/lang/NoSuchMethodError'{0x00000007113ca498}: 'java.lang.Object java.lang.invoke.DirectMethodHandle$Holder.invokeStaticInit(java.lang.Object, int, int, int, int)'> (0x00000007113ca498) 
thrown [s\open\src\hotspot\share\interpreter\linkResolver.cpp, line 773]
Event: 1.155 Thread 0x00000267a91bae60 Exception <a 'java/lang/NoSuchMethodError'{0x000000071109b788}: 'java.lang.Object java.lang.invoke.DirectMethodHandle$Holder.invokeStaticInit(java.lang.Object, java.lang.Object, int, int, int, int)'> (0x000000071109b788) 
thrown [s\open\src\hotspot\share\interpreter\linkResolver.cpp, line 773]
Event: 1.180 Thread 0x00000267a91bae60 Exception <a 'java/lang/ClassNotFoundException'{0x00000007110b80b8}: javax/management/remote/rmi/RMIServerImpl_Skel> (0x00000007110b80b8) 
thrown [s\open\src\hotspot\share\classfile\systemDictionary.cpp, line 312]
Event: 1.199 Thread 0x00000267a91bae60 Exception <a 'java/lang/NoSuchMethodError'{0x00000007110d4f68}: 'long java.lang.invoke.DirectMethodHandle$Holder.invokeSpecial(java.lang.Object, java.lang.Object)'> (0x00000007110d4f68) 
thrown [s\open\src\hotspot\share\interpreter\linkResolver.cpp, line 773]
Event: 1.200 Thread 0x00000267a91bae60 Exception <a 'java/lang/NoSuchMethodError'{0x00000007110d8630}: 'long java.lang.invoke.Invokers$Holder.invokeExact_MT(java.lang.Object, java.lang.Object)'> (0x00000007110d8630) 
thrown [s\open\src\hotspot\share\interpreter\linkResolver.cpp, line 773]
Event: 1.213 Thread 0x00000267a91bae60 Exception <a 'java/lang/NoSuchMethodError'{0x00000007111621f0}: 'void java.lang.invoke.DirectMethodHandle$Holder.invokeSpecial(java.lang.Object, java.lang.Object, java.lang.Object)'> (0x00000007111621f0) 
thrown [s\open\src\hotspot\share\interpreter\linkResolver.cpp, line 773]
Event: 1.368 Thread 0x00000267a91bae60 Exception <a 'java/lang/NoSuchMethodError'{0x0000000710fbe818}: 'java.lang.Object java.lang.invoke.DirectMethodHandle$Holder.invokeSpecial(java.lang.Object, java.lang.Object, java.lang.Object, long, java.lang.Object)'> (0x0000000710fbe818) 
thrown [s\open\src\hotspot\share\interpreter\linkResolver.cpp, line 773]
Event: 1.369 Thread 0x00000267a91bae60 Exception <a 'java/lang/NoSuchMethodError'{0x0000000710fc2168}: 'java.lang.Object java.lang.invoke.Invokers$Holder.linkToTargetMethod(java.lang.Object, long, java.lang.Object, java.lang.Object)'> (0x0000000710fc2168) 
thrown [s\open\src\hotspot\share\interpreter\linkResolver.cpp, line 773]
Event: 1.388 Thread 0x00000267a91bae60 Exception <a 'java/lang/ClassNotFoundException'{0x0000000710feb478}: javax/smartcardio/CardPermission> (0x0000000710feb478) 
thrown [s\open\src\hotspot\share\classfile\systemDictionary.cpp, line 312]
Event: 1.394 Thread 0x00000267a91bae60 Exception <a 'java/io/FileNotFoundException'{0x0000000710ff9be8}> (0x0000000710ff9be8) 
thrown [s\open\src\hotspot\share\prims\jni.cpp, line 520]
Event: 1.511 Thread 0x00000267a91bae60 Exception <a 'java/lang/NoSuchMethodError'{0x0000000712123438}: 'void java.lang.invoke.DirectMethodHandle$Holder.invokeStatic(java.lang.Object, java.lang.Object, java.lang.Object, java.lang.Object)'> (0x0000000712123438) 
thrown [s\open\src\hotspot\share\interpreter\linkResolver.cpp, line 773]
Event: 1.558 Thread 0x00000267a91bae60 Exception <a 'java/lang/NoSuchMethodError'{0x0000000711e35d98}: 'int java.lang.invoke.DirectMethodHandle$Holder.invokeStaticInit(java.lang.Object, java.lang.Object)'> (0x0000000711e35d98) 
thrown [s\open\src\hotspot\share\interpreter\linkResolver.cpp, line 773]

ZGC Phase Switch (0 events):
No events

VM Operations (20 events):
Event: 0.639 Executing VM operation: HandshakeAllThreads (Deoptimize)
Event: 0.639 Executing VM operation: HandshakeAllThreads (Deoptimize) done
Event: 0.717 Executing VM operation: HandshakeAllThreads (Deoptimize)
Event: 0.717 Executing VM operation: HandshakeAllThreads (Deoptimize) done
Event: 0.720 Executing VM operation: HandshakeAllThreads (Deoptimize)
Event: 0.720 Executing VM operation: HandshakeAllThreads (Deoptimize) done
Event: 1.060 Executing VM operation: HandshakeAllThreads (Deoptimize)
Event: 1.060 Executing VM operation: HandshakeAllThreads (Deoptimize) done
Event: 1.060 Executing VM operation: Cleanup
Event: 1.061 Executing VM operation: Cleanup done
Event: 1.178 Executing VM operation: HandshakeAllThreads (Deoptimize)
Event: 1.178 Executing VM operation: HandshakeAllThreads (Deoptimize) done
Event: 1.224 Executing VM operation: HandshakeAllThreads (Deoptimize)
Event: 1.224 Executing VM operation: HandshakeAllThreads (Deoptimize) done
Event: 1.301 Executing VM operation: HandshakeAllThreads (Deoptimize)
Event: 1.301 Executing VM operation: HandshakeAllThreads (Deoptimize) done
Event: 1.310 Executing VM operation: HandshakeAllThreads (Deoptimize)
Event: 1.310 Executing VM operation: HandshakeAllThreads (Deoptimize) done
Event: 1.397 Executing VM operation: G1CollectForAllocation (G1 Evacuation Pause)
Event: 1.406 Executing VM operation: G1CollectForAllocation (G1 Evacuation Pause) done

Events (15 events):
Event: 0.052 Thread 0x00000267a91bae60 Thread added: 0x00000267a91bae60
Event: 0.088 Thread 0x00000267bc155090 Thread added: 0x00000267bc155090
Event: 0.088 Thread 0x00000267bc155fb0 Thread added: 0x00000267bc155fb0
Event: 0.089 Thread 0x00000267bc158ce0 Thread added: 0x00000267bc158ce0
Event: 0.089 Thread 0x00000267bc15ab30 Thread added: 0x00000267bc15ab30
Event: 0.089 Thread 0x00000267bc15d5a0 Thread added: 0x00000267bc15d5a0
Event: 0.089 Thread 0x00000267bc15e000 Thread added: 0x00000267bc15e000
Event: 0.090 Thread 0x00000267bc163f70 Thread added: 0x00000267bc163f70
Event: 0.293 Thread 0x00000267bc11be40 Thread added: 0x00000267bc11be40
Event: 0.313 Thread 0x00000267bc3697b0 Thread added: 0x00000267bc3697b0
Event: 0.316 Thread 0x00000267bc3b3dd0 Thread added: 0x00000267bc3b3dd0
Event: 0.633 Thread 0x00000267bc940370 Thread added: 0x00000267bc940370
Event: 0.633 Thread 0x00000267bc9409e0 Thread added: 0x00000267bc9409e0
Event: 0.967 Thread 0x00000267bca77ce0 Thread added: 0x00000267bca77ce0
Event: 1.194 Thread 0x00000267bcba8920 Thread added: 0x00000267bcba8920


Dynamic libraries:
0x00007ff6e8840000 - 0x00007ff6e8850000 	C:\Program Files\Java\jdk-21\bin\java.exe
0x00007ffc12d50000 - 0x00007ffc12f48000 	C:\Windows\SYSTEM32\ntdll.dll
0x00007ffc11f70000 - 0x00007ffc1202d000 	C:\Windows\System32\KERNEL32.DLL
0x00007ffc104e0000 - 0x00007ffc107d6000 	C:\Windows\System32\KERNELBASE.dll
0x00007ffc107e0000 - 0x00007ffc108e0000 	C:\Windows\System32\ucrtbase.dll
0x00007ffbfb8d0000 - 0x00007ffbfb8eb000 	C:\Program Files\Java\jdk-21\bin\VCRUNTIME140.dll
0x00007ffbfc410000 - 0x00007ffbfc429000 	C:\Program Files\Java\jdk-21\bin\jli.dll
0x00007ffc11110000 - 0x00007ffc111bf000 	C:\Windows\System32\ADVAPI32.dll
0x00007ffc12b90000 - 0x00007ffc12c2e000 	C:\Windows\System32\msvcrt.dll
0x00007ffc12220000 - 0x00007ffc122bc000 	C:\Windows\System32\sechost.dll
0x00007ffc10db0000 - 0x00007ffc10ed6000 	C:\Windows\System32\RPCRT4.dll
0x00007ffc12300000 - 0x00007ffc1249e000 	C:\Windows\System32\USER32.dll
0x00007ffc10b70000 - 0x00007ffc10b92000 	C:\Windows\System32\win32u.dll
0x00007ffbf8110000 - 0x00007ffbf83aa000 	C:\Windows\WinSxS\amd64_microsoft.windows.common-controls_6595b64144ccf1df_6.0.19041.3636_none_60b6a03d71f818d5\COMCTL32.dll
0x00007ffc12800000 - 0x00007ffc1282c000 	C:\Windows\System32\GDI32.dll
0x00007ffc10bf0000 - 0x00007ffc10d0a000 	C:\Windows\System32\gdi32full.dll
0x00007ffc10d10000 - 0x00007ffc10dad000 	C:\Windows\System32\msvcp_win.dll
0x00007ffc06490000 - 0x00007ffc0649a000 	C:\Windows\SYSTEM32\VERSION.dll
0x00007ffc122c0000 - 0x00007ffc122f0000 	C:\Windows\System32\IMM32.DLL
0x00007ffbfb870000 - 0x00007ffbfb87c000 	C:\Program Files\Java\jdk-21\bin\vcruntime140_1.dll
0x00007ffbe1c70000 - 0x00007ffbe1cfe000 	C:\Program Files\Java\jdk-21\bin\msvcp140.dll
0x00007ffb78da0000 - 0x00007ffb79ab5000 	C:\Program Files\Java\jdk-21\bin\server\jvm.dll
0x00007ffc12ca0000 - 0x00007ffc12d0b000 	C:\Windows\System32\WS2_32.dll
0x00007ffc10290000 - 0x00007ffc102db000 	C:\Windows\SYSTEM32\POWRPROF.dll
0x00007ffbefe90000 - 0x00007ffbefeb7000 	C:\Windows\SYSTEM32\WINMM.dll
0x00007ffc10270000 - 0x00007ffc10282000 	C:\Windows\SYSTEM32\UMPDC.dll
0x00007ffc0ec80000 - 0x00007ffc0ec92000 	C:\Windows\SYSTEM32\kernel.appcore.dll
0x00007ffbfb860000 - 0x00007ffbfb86a000 	C:\Program Files\Java\jdk-21\bin\jimage.dll
0x00007ffc0e200000 - 0x00007ffc0e3e4000 	C:\Windows\SYSTEM32\DBGHELP.DLL
0x00007ffbe6800000 - 0x00007ffbe6834000 	C:\Windows\SYSTEM32\dbgcore.DLL
0x00007ffc10a70000 - 0x00007ffc10af2000 	C:\Windows\System32\bcryptPrimitives.dll
0x00007ffc081d0000 - 0x00007ffc081df000 	C:\Program Files\Java\jdk-21\bin\instrument.dll
0x00007ffbfb6e0000 - 0x00007ffbfb6ff000 	C:\Program Files\Java\jdk-21\bin\java.dll
0x00007ffc11760000 - 0x00007ffc11ea5000 	C:\Windows\System32\SHELL32.dll
0x00007ffc0e3f0000 - 0x00007ffc0eb8b000 	C:\Windows\SYSTEM32\windows.storage.dll
0x00007ffc124a0000 - 0x00007ffc127f4000 	C:\Windows\System32\combase.dll
0x00007ffc0fe00000 - 0x00007ffc0fe2d000 	C:\Windows\SYSTEM32\Wldp.dll
0x00007ffc10f40000 - 0x00007ffc10fed000 	C:\Windows\System32\SHCORE.dll
0x00007ffc11f10000 - 0x00007ffc11f65000 	C:\Windows\System32\shlwapi.dll
0x00007ffc10360000 - 0x00007ffc10385000 	C:\Windows\SYSTEM32\profapi.dll
0x00007ffbfb4e0000 - 0x00007ffbfb4f8000 	C:\Program Files\Java\jdk-21\bin\zip.dll
0x00007ffbfb850000 - 0x00007ffbfb860000 	C:\Program Files\Java\jdk-21\bin\net.dll
0x00007ffc01e30000 - 0x00007ffc01f3a000 	C:\Windows\SYSTEM32\WINHTTP.dll
0x00007ffc0fb00000 - 0x00007ffc0fb6a000 	C:\Windows\system32\mswsock.dll
0x00007ffbfb6c0000 - 0x00007ffbfb6d6000 	C:\Program Files\Java\jdk-21\bin\nio.dll
0x00007ffc05f20000 - 0x00007ffc05f3a000 	C:\Program Files\JetBrains\IntelliJ IDEA 2023.2.2\bin\breakgen64.dll
0x00007ffbfb4d0000 - 0x00007ffbfb4d7000 	C:\Program Files\Java\jdk-21\bin\extnet.dll
0x00007ffc0f830000 - 0x00007ffc0f8fa000 	C:\Windows\SYSTEM32\DNSAPI.dll
0x00007ffc0f7f0000 - 0x00007ffc0f82b000 	C:\Windows\SYSTEM32\IPHLPAPI.DLL
0x00007ffc12c30000 - 0x00007ffc12c38000 	C:\Windows\System32\NSI.dll
0x00007ffbfc790000 - 0x00007ffbfc79a000 	C:\Windows\System32\rasadhlp.dll
0x00007ffc01950000 - 0x00007ffc019d0000 	C:\Windows\System32\fwpuclnt.dll
0x00007ffc108e0000 - 0x00007ffc10907000 	C:\Windows\System32\bcrypt.dll
0x00007ffc08070000 - 0x00007ffc0807a000 	C:\Program Files\Java\jdk-21\bin\management.dll
0x00007ffc06290000 - 0x00007ffc0629b000 	C:\Program Files\Java\jdk-21\bin\management_ext.dll
0x00007ffc122f0000 - 0x00007ffc122f8000 	C:\Windows\System32\PSAPI.DLL
0x00007ffc0fcf0000 - 0x00007ffc0fd08000 	C:\Windows\SYSTEM32\CRYPTSP.dll
0x00007ffc0f430000 - 0x00007ffc0f464000 	C:\Windows\system32\rsaenh.dll
0x00007ffc10320000 - 0x00007ffc1034e000 	C:\Windows\SYSTEM32\USERENV.dll
0x00007ffc0fd10000 - 0x00007ffc0fd1c000 	C:\Windows\SYSTEM32\CRYPTBASE.dll
0x00007ffbefd00000 - 0x00007ffbefd17000 	C:\Windows\system32\napinsp.dll
0x00007ffbedae0000 - 0x00007ffbedafb000 	C:\Windows\system32\pnrpnsp.dll
0x00007ffc078d0000 - 0x00007ffc078e5000 	C:\Windows\system32\wshbth.dll
0x00007ffc07eb0000 - 0x00007ffc07ecd000 	C:\Windows\system32\NLAapi.dll
0x00007ffbe8be0000 - 0x00007ffbe8bf2000 	C:\Windows\System32\winrnr.dll

dbghelp: loaded successfully - version: 4.0.5 - missing functions: none
symbol engine: initialized successfully - sym options: 0x614 - pdb path: .;C:\Program Files\Java\jdk-21\bin;C:\Windows\SYSTEM32;C:\Windows\WinSxS\amd64_microsoft.windows.common-controls_6595b64144ccf1df_6.0.19041.3636_none_60b6a03d71f818d5;C:\Program Files\Java\jdk-21\bin\server;C:\Program Files\JetBrains\IntelliJ IDEA 2023.2.2\bin

VM Arguments:
jvm_args: -XX:TieredStopAtLevel=1 -Dspring.output.ansi.enabled=always -Dcom.sun.management.jmxremote -Dspring.jmx.enabled=true -Dspring.liveBeansView.mbeanDomain -Dspring.application.admin.enabled=true -Dmanagement.endpoints.jmx.exposure.include=* -javaagent:C:\Program Files\JetBrains\IntelliJ IDEA 2023.2.2\lib\idea_rt.jar=64582:C:\Program Files\JetBrains\IntelliJ IDEA 2023.2.2\bin -Dfile.encoding=UTF-8 -Dsun.stdout.encoding=UTF-8 -Dsun.stderr.encoding=UTF-8 
java_command: ma.enset.eurekadiscovery.EurekaDiscoveryApplication
java_class_path (initial): C:\Users\pc\Desktop\alo\TP_SPRING\tp1_SpringCloud\eureka-discovery\target\classes;C:\Users\pc\.m2\repository\org\springframework\cloud\spring-cloud-starter-netflix-eureka-server\4.1.0\spring-cloud-starter-netflix-eureka-server-4.1.0.jar;C:\Users\pc\.m2\repository\org\springframework\cloud\spring-cloud-starter\4.1.0\spring-cloud-starter-4.1.0.jar;C:\Users\pc\.m2\repository\org\springframework\cloud\spring-cloud-context\4.1.0\spring-cloud-context-4.1.0.jar;C:\Users\pc\.m2\repository\org\springframework\security\spring-security-crypto\6.2.0\spring-security-crypto-6.2.0.jar;C:\Users\pc\.m2\repository\org\springframework\cloud\spring-cloud-commons\4.1.0\spring-cloud-commons-4.1.0.jar;C:\Users\pc\.m2\repository\org\springframework\security\spring-security-rsa\1.1.1\spring-security-rsa-1.1.1.jar;C:\Users\pc\.m2\repository\org\bouncycastle\bcprov-jdk18on\1.74\bcprov-jdk18on-1.74.jar;C:\Users\pc\.m2\repository\org\springframework\cloud\spring-cloud-netflix-eureka-server\4.1.0\spring-cloud-netflix-eureka-server-4.1.0.jar;C:\Users\pc\.m2\repository\org\springframework\boot\spring-boot-starter-web\3.2.0\spring-boot-starter-web-3.2.0.jar;C:\Users\pc\.m2\repository\org\springframework\boot\spring-boot-starter-json\3.2.0\spring-boot-starter-json-3.2.0.jar;C:\Users\pc\.m2\repository\com\fasterxml\jackson\datatype\jackson-datatype-jdk8\2.15.3\jackson-datatype-jdk8-2.15.3.jar;C:\Users\pc\.m2\repository\com\fasterxml\jackson\datatype\jackson-datatype-jsr310\2.15.3\jackson-datatype-jsr310-2.15.3.jar;C:\Users\pc\.m2\repository\com\fasterxml\jackson\module\jackson-module-parameter-names\2.15.3\jackson-module-parameter-names-2.15.3.jar;C:\Users\pc\.m2\repository\org\springframework\boot\spring-boot-starter-tomcat\3.2.0\spring-boot-starter-tomcat-3.2.0.jar;C:\Users\pc\.m2\repository\org\apache\tomcat\embed\tomcat-embed-core\10.1.16\tomcat-embed-core-10.1.16.jar;C:\Users\pc\.m2\repository\org\apache\tomcat\embed\tomcat-embed-el\10.1.16\tomcat-embed-el-10.1.16.jar;C:\Users\pc\.m2\repository\org\apache\tomcat\embed\tomcat-embed-websocket\10.1.16\tomcat-embed-websocket-10.1.16.jar;C:\Users\pc\.m2\repository\org\springframework\spring-web\6.1.1\spring-web-6.1.1.jar;C:\Users\pc\.m2\repository\org\springframework\spring-beans\6.1.1\spring-beans-6.1.1.jar;C:\Users\pc\.m2\repository\org\springframework\spring-webmvc\6.1.1\spring-webmvc-6.1.1.jar;C:\Users\pc\.m2\repository\org\springframework\spring-aop\6.1.1\spring-aop-6.1.1.jar;C:\Users\pc\.m2\repository\org\springframework\spring-expression\6.1.1\spring-expression-6.1.1.jar;C:\Users\pc\.m2\repository\org\springframework\boot\spring-boot-starter-actuator\3.2.0\spring-boot-starter-actuator-3.2.0.jar;C:\Users\pc\.m2\repository\org\springframework\boot\spring-boot-actuator-autoconfigure\3.2.0\spring-boot-actuator-autoconfigure-3.2.0.jar;C:\Users\pc\.m2\repository\org\springframework\boot\spring-boot-actuator\3.2.0\spring-boot-actuator-3.2.0.jar;C:\Users\pc\.m2\repository\io\micrometer\micrometer-observation\1.12.0\micrometer-observation-1.12.0.jar;C:\Users\pc\.m2\repository\io\micrometer\micrometer-commons\1.12.0\micrometer-commons-1.12.0.jar;C:\Users\pc\.m2\repository\io\micrometer\micrometer-jakarta9\1.12.0\micrometer-jakarta9-1.12.0.jar;C:\Users\pc\.m2\repository\io\micrometer\micrometer-core\1.12.0\micrometer-core-1.12.0.jar;C:\Users\pc\.m2\repository\org\hdrhistogram\HdrHistogram\2.1.12\HdrHistogram-2.1.12.jar;C:\Users\pc\.m2\repository\org\latencyutils\LatencyUtils\2.0.3\LatencyUtils-2.0.3.jar;C:\Users\pc\.m2\repository\org\springframework\boot\spring-boot-starter-freemarker\3.2.0\spring-boot-starter-freemarker-3.2.0.jar;C:\Users\pc\.m2\repository\org\freemarker\freemarker\2.3.32\freemarker-2.3.32.jar;C:\Users\pc\.m2\repository\org\springframework\spring-context-support\6.1.1\spring-context-support-6.1.1.jar;C:\Users\pc\.m2\repository\org\springframework\cloud\spring-cloud-netflix-eureka-client\4.1.0\spring-cloud-netflix-eureka-client-4.1.0.jar;C:\Users\pc\.m2\repository\com\netflix\eureka\eureka-client\2.0.1\eureka-client-2.0.1.jar;C:\Users\pc\.m2\repository\com\netflix\netflix-commons\netflix-eventbus\0.3.0\netflix-eventbus-0.3.0.jar;C:\Users\pc\.m2\repository\com\netflix\netflix-commons\netflix-infix\0.3.0\netflix-infix-0.3.0.jar;C:\Users\pc\.m2\repository\commons-jxpath\commons-jxpath\1.3\commons-jxpath-1.3.jar;C:\Users\pc\.m2\repository\joda-time\joda-time\2.3\joda-time-2.3.jar;C:\Users\pc\.m2\repository\org\antlr\antlr-runtime\3.4\antlr-runtime-3.4.jar;C:\Users\pc\.m2\repository\org\antlr\stringtemplate\3.2.1\stringtemplate-3.2.1.jar;C:\Users\pc\.m2\repository\antlr\antlr\2.7.7\antlr-2.7.7.jar;C:\Users\pc\.m2\repository\com\google\code\gson\gson\2.10.1\gson-2.10.1.jar;C:\Users\pc\.m2\repository\org\apache\commons\commons-math\2.2\commons-math-2.2.jar;C:\Users\pc\.m2\repository\com\thoughtworks\xstream\xstream\1.4.19\xstream-1.4.19.jar;C:\Users\pc\.m2\repository\io\github\x-stream\mxparser\1.2.2\mxparser-1.2.2.jar;C:\Users\pc\.m2\repository\xmlpull\xmlpull\1.1.3.1\xmlpull-1.1.3.1.jar;C:\Users\pc\.m2\repository\com\netflix\servo\servo-core\0.12.21\servo-core-0.12.21.jar;C:\Users\pc\.m2\repository\com\google\guava\guava\19.0\guava-19.0.jar;C:\Users\pc\.m2\repository\org\apache\httpcomponents\httpclient\4.5.3\httpclient-4.5.3.jar;C:\Users\pc\.m2\repository\org\apache\httpcomponents\httpcore\4.4.16\httpcore-4.4.16.jar;C:\Users\pc\.m2\repository\commons-codec\commons-codec\1.16.0\commons-codec-1.16.0.jar;C:\Users\pc\.m2\repository\commons-configuration\commons-configuration\1.10\commons-configuration-1.10.jar;C:\Users\pc\.m2\repository\commons-lang\commons-lang\2.6\commons-lang-2.6.jar;C:\Users\pc\.m2\repository\org\codehaus\jettison\jettison\1.4.0\jettison-1.4.0.jar;C:\Users\pc\.m2\repository\org\apache\httpcomponents\client5\httpclient5\5.2.1\httpclient5-5.2.1.jar;C:\Users\pc\.m2\repository\org\apache\httpcomponents\core5\httpcore5\5.2.3\httpcore5-5.2.3.jar;C:\Users\pc\.m2\repository\org\apache\httpcomponents\core5\httpcore5-h2\5.2.3\httpcore5-h2-5.2.3.jar;C:\Users\pc\.m2\repository\com\netflix\eureka\eureka-client-jersey3\2.0.1\eureka-client-jersey3-2.0.1.jar;C:\Users\pc\.m2\repository\org\glassfish\jersey\connectors\jersey-apache-connector\3.1.3\jersey-apache-connector-3.1.3.jar;C:\Users\pc\.m2\repository\com\netflix\eureka\eureka-core-jersey3\2.0.1\eureka-core-jersey3-2.0.1.jar;C:\Users\pc\.m2\repository\com\netflix\eureka\eureka-core\2.0.1\eureka-core-2.0.1.jar;C:\Users\pc\.m2\repository\org\glassfish\jersey\containers\jersey-container-servlet\3.1.3\jersey-container-servlet-3.1.3.jar;C:\Users\pc\.m2\repository\org\glassfish\jersey\containers\jersey-container-servlet-core\3.1.3\jersey-container-servlet-core-3.1.3.jar;C:\Users\pc\.m2\repository\org\glassfish\jersey\core\jersey-common\3.1.3\jersey-common-3.1.3.jar;C:\Users\pc\.m2\repository\org\glassfish\hk2\osgi-resource-locator\1.0.3\osgi-resource-locator-1.0.3.jar;C:\Users\pc\.m2\repository\jakarta\ws\rs\jakarta.ws.rs-api\3.1.0\jakarta.ws.rs-api-3.1.0.jar;C:\Users\pc\.m2\repository\org\glassfish\jersey\core\jersey-server\3.1.3\jersey-server-3.1.3.jar;C:\Users\pc\.m2\repository\jakarta\validation\jakarta.validation-api\3.0.2\jakarta.validation-api-3.0.2.jar;C:\Users\pc\.m2\repository\org\glassfish\jersey\core\jersey-client\3.1.3\jersey-client-3.1.3.jar;C:\Users\pc\.m2\repository\org\glassfish\jersey\inject\jersey-hk2\3.1.3\jersey-hk2-3.1.3.jar;C:\Users\pc\.m2\repository\org\glassfish\hk2\hk2-locator\3.0.4\hk2-locator-3.0.4.jar;C:\Users\pc\.m2\repository\org\glassfish\hk2\external\aopalliance-repackaged\3.0.4\aopalliance-repackaged-3.0.4.jar;C:\Users\pc\.m2\repository\org\glassfish\hk2\hk2-utils\3.0.4\hk2-utils-3.0.4.jar;C:\Users\pc\.m2\repository\org\javassist\javassist\3.29.2-GA\javassist-3.29.2-GA.jar;C:\Users\pc\.m2\repository\org\glassfish\hk2\spring-bridge\3.0.5\spring-bridge-3.0.5.jar;C:\Users\pc\.m2\repository\org\glassfish\hk2\hk2-api\3.0.5\hk2-api-3.0.5.jar;C:\Users\pc\.m2\repository\org\springframework\spring-context\6.1.1\spring-context-6.1.1.jar;C:\Users\pc\.m2\repository\jakarta\inject\jakarta.inject-api\2.0.1\jakarta.inject-api-2.0.1.jar;C:\Users\pc\.m2\repository\com\fasterxml\jackson\dataformat\jackson-dataformat-xml\2.15.3\jackson-dataformat-xml-2.15.3.jar;C:\Users\pc\.m2\repository\com\fasterxml\jackson\core\jackson-core\2.15.3\jackson-core-2.15.3.jar;C:\Users\pc\.m2\repository\com\fasterxml\jackson\core\jackson-annotations\2.15.3\jackson-annotations-2.15.3.jar;C:\Users\pc\.m2\repository\com\fasterxml\jackson\core\jackson-databind\2.15.3\jackson-databind-2.15.3.jar;C:\Users\pc\.m2\repository\org\codehaus\woodstox\stax2-api\4.2.1\stax2-api-4.2.1.jar;C:\Users\pc\.m2\repository\com\fasterxml\woodstox\woodstox-core\6.5.1\woodstox-core-6.5.1.jar;C:\Users\pc\.m2\repository\org\springframework\cloud\spring-cloud-starter-loadbalancer\4.1.0\spring-cloud-starter-loadbalancer-4.1.0.jar;C:\Users\pc\.m2\repository\org\springframework\cloud\spring-cloud-loadbalancer\4.1.0\spring-cloud-loadbalancer-4.1.0.jar;C:\Users\pc\.m2\repository\io\projectreactor\reactor-core\3.6.0\reactor-core-3.6.0.jar;C:\Users\pc\.m2\repository\org\reactivestreams\reactive-streams\1.0.4\reactive-streams-1.0.4.jar;C:\Users\pc\.m2\repository\io\projectreactor\addons\reactor-extra\3.5.1\reactor-extra-3.5.1.jar;C:\Users\pc\.m2\repository\org\springframework\boot\spring-boot-starter-cache\3.2.0\spring-boot-starter-cache-3.2.0.jar;C:\Users\pc\.m2\repository\com\stoyanr\evictor\1.0.0\evictor-1.0.0.jar;C:\Users\pc\.m2\repository\org\glassfish\jaxb\jaxb-runtime\4.0.4\jaxb-runtime-4.0.4.jar;C:\Users\pc\.m2\repository\org\glassfish\jaxb\jaxb-core\4.0.4\jaxb-core-4.0.4.jar;C:\Users\pc\.m2\repository\org\eclipse\angus\angus-activation\2.0.1\angus-activation-2.0.1.jar;C:\Users\pc\.m2\repository\org\glassfish\jaxb\txw2\4.0.4\txw2-4.0.4.jar;C:\Users\pc\.m2\repository\com\sun\istack\istack-commons-runtime\4.1.2\istack-commons-runtime-4.1.2.jar;C:\Users\pc\.m2\repository\org\springframework\boot\spring-boot-starter\3.2.0\spring-boot-starter-3.2.0.jar;C:\Users\pc\.m2\repository\org\springframework\boot\spring-boot\3.2.0\spring-boot-3.2.0.jar;C:\Users\pc\.m2\repository\org\springframework\boot\spring-boot-autoconfigure\3.2.0\spring-boot-autoconfigure-3.2.0.jar;C:\Users\pc\.m2\repository\org\springframework\boot\spring-boot-starter-logging\3.2.0\spring-boot-starter-logging-3.2.0.jar;C:\Users\pc\.m2\repository\ch\qos\logback\logback-classic\1.4.11\logback-classic-1.4.11.jar;C:\Users\pc\.m2\repository\ch\qos\logback\logback-core\1.4.11\logback-core-1.4.11.jar;C:\Users\pc\.m2\repository\org\apache\logging\log4j\log4j-to-slf4j\2.21.1\log4j-to-slf4j-2.21.1.jar;C:\Users\pc\.m2\repository\org\apache\logging\log4j\log4j-api\2.21.1\log4j-api-2.21.1.jar;C:\Users\pc\.m2\repository\org\slf4j\jul-to-slf4j\2.0.9\jul-to-slf4j-2.0.9.jar;C:\Users\pc\.m2\repository\jakarta\annotation\jakarta.annotation-api\2.1.1\jakarta.annotation-api-2.1.1.jar;C:\Users\pc\.m2\repository\org\yaml\snakeyaml\2.2\snakeyaml-2.2.jar;C:\Users\pc\.m2\repository\org\slf4j\slf4j-api\2.0.9\slf4j-api-2.0.9.jar;C:\Users\pc\.m2\repository\jakarta\xml\bind\jakarta.xml.bind-api\4.0.1\jakarta.xml.bind-api-4.0.1.jar;C:\Users\pc\.m2\repository\jakarta\activation\jakarta.activation-api\2.1.2\jakarta.activation-api-2.1.2.jar;C:\Users\pc\.m2\repository\org\springframework\spring-core\6.1.1\spring-core-6.1.1.jar;C:\Users\pc\.m2\repository\org\springframework\spring-jcl\6.1.1\spring-jcl-6.1.1.jar
Launcher Type: SUN_STANDARD

[Global flags]
     intx CICompilerCount                          = 4                                         {product} {ergonomic}
     uint ConcGCThreads                            = 2                                         {product} {ergonomic}
     uint G1ConcRefinementThreads                  = 8                                         {product} {ergonomic}
   size_t G1HeapRegionSize                         = 2097152                                   {product} {ergonomic}
    uintx GCDrainStackTargetSize                   = 64                                        {product} {ergonomic}
   size_t InitialHeapSize                          = 266338304                                 {product} {ergonomic}
     bool ManagementServer                         = true                                      {product} {command line}
   size_t MarkStackSize                            = 4194304                                   {product} {ergonomic}
   size_t MaxHeapSize                              = 4255121408                                {product} {ergonomic}
   size_t MaxNewSize                               = 2552233984                                {product} {ergonomic}
   size_t MinHeapDeltaBytes                        = 2097152                                   {product} {ergonomic}
   size_t MinHeapSize                              = 8388608                                   {product} {ergonomic}
    uintx NonNMethodCodeHeapSize                   = 4096                                   {pd product} {ergonomic}
    uintx NonProfiledCodeHeapSize                  = 0                                      {pd product} {ergonomic}
     bool ProfileInterpreter                       = false                                  {pd product} {command line}
    uintx ProfiledCodeHeapSize                     = 0                                      {pd product} {ergonomic}
   size_t SoftMaxHeapSize                          = 4255121408                             {manageable} {ergonomic}
     intx TieredStopAtLevel                        = 1                                         {product} {command line}
     bool UseCompressedOops                        = true                           {product lp64_product} {ergonomic}
     bool UseG1GC                                  = true                                      {product} {ergonomic}
     bool UseLargePagesIndividualAllocation        = false                                  {pd product} {ergonomic}

Logging:
Log output configuration:
 #0: stdout all=warning uptime,level,tags foldmultilines=false
 #1: stderr all=off uptime,level,tags foldmultilines=false

Environment Variables:
JAVA_HOME=C:\Program Files\Java
PATH=C:\Program Files\Common Files\Oracle\Java\javapath;C:\Program Files (x86)\VMware\VMware Workstation\bin\;C:\Program Files (x86)\Common Files\Oracle\Java\javapath;C:\Windows\system32;C:\Windows;C:\Windows\System32\Wbem;C:\Windows\System32\WindowsPowerShell\v1.0\;C:\Windows\System32\OpenSSH\;C:\Program Files\Git\cmd;C:\src\flutter\bin;C:\xampp\php;C:\ProgramData\ComposerSetup\bin;C:\Program Files\maven\bin;C:\Program Files (x86)\Nmap;C:\Program Files\nodejs\;C:\ProgramData\chocolatey\bin;C:\Users\pc\Downloads\Compressed\hadoop\bin;C:\Users\pc\Downloads\Compressed\hadoop\sbin;C:\Program Files\Java\jdk1.8.0_202\bin;C:\Program Files (x86)\scala\bin;%MAVEN_HOME%\bin;C:\kafka\bin;C:\Program Files\Docker\Docker;C:\Python\Python311\Scripts\;C:\Python\Python311\;C:\Users\pc\AppData\Local\Microsoft\WindowsApps;C:\Users\pc\AppData\Local\Programs\Microsoft VS Code\bin;C:\src\flutter\bin;C:\Users\pc\AppData\Roaming\Composer\vendor\bin;C:\Program Files\JetBrains\IntelliJ IDEA 2023.2.2\bin;;C:\Program Files\JetBrains\IntelliJ IDEA Community Edition 2022.3.1\bin;;C:\Program Files\Java\jdk1.8.0_202\bin;C:\Program Files\maven\bin;C:\Program Files\Spark\bin;C:\Spark\bin;C:\Hadoop\bin;C:\Program Files (x86)\Nmap;C:\Users\pc\AppData\Local\GitHubDesktop\bin;C:\Users\pc\AppData\Roaming\npm;C:\Program Files\JetBrains\PyCharm 2023.1.3\bin;;C:\kafka\bin;
USERNAME=pc
OS=Windows_NT
PROCESSOR_IDENTIFIER=Intel64 Family 6 Model 142 Stepping 10, GenuineIntel
TMP=C:\PROGRA~1\KMSpico\temp
TEMP=C:\PROGRA~1\KMSpico\temp




Periodic native trim disabled

---------------  S Y S T E M  ---------------

OS:
 Windows 10 , 64 bit Build 19041 (10.0.19041.3636)
OS uptime: 2 days 0:01 hours

CPU: total 8 (initial active 8) (4 cores per cpu, 2 threads per core) family 6 model 142 stepping 10 microcode 0xf4, cx8, cmov, fxsr, ht, mmx, 3dnowpref, sse, sse2, sse3, ssse3, sse4.1, sse4.2, popcnt, lzcnt, tsc, tscinvbit, avx, avx2, aes, erms, clmul, bmi1, bmi2, rtm, adx, fma, vzeroupper, clflush, clflushopt, rdtscp, f16c
Processor Information for processor 0
  Max Mhz: 1896, Current Mhz: 1496, Mhz Limit: 1687
Processor Information for processor 1
  Max Mhz: 1896, Current Mhz: 1496, Mhz Limit: 1687
Processor Information for processor 2
  Max Mhz: 1896, Current Mhz: 1496, Mhz Limit: 1687
Processor Information for processor 3
  Max Mhz: 1896, Current Mhz: 1696, Mhz Limit: 1687
Processor Information for processor 4
  Max Mhz: 1896, Current Mhz: 1696, Mhz Limit: 1687
Processor Information for processor 5
  Max Mhz: 1896, Current Mhz: 1696, Mhz Limit: 1687
Processor Information for processor 6
  Max Mhz: 1896, Current Mhz: 1696, Mhz Limit: 1687
Processor Information for processor 7
  Max Mhz: 1896, Current Mhz: 1496, Mhz Limit: 1687

Memory: 4k page, system-wide physical 16227M (2850M free)
TotalPageFile size 18261M (AvailPageFile size 0M)
current process WorkingSet (physical memory assigned to process): 80M, peak: 80M
current process commit charge ("private bytes"): 353M, peak: 353M

vm_info: Java HotSpot(TM) 64-Bit Server VM (21.0.1+12-LTS-29) for windows-amd64 JRE (21.0.1+12-LTS-29), built on 2023-10-05T13:27:09Z by "mach5one" with MS VC++ 17.1 (VS2022)

END.
